[1011/213255.637:ERROR:directory_reader_win.cc(43)] FindFirstFile: The system cannot find the path specified. (0x3)
[1013/000057.326:ERROR:directory_reader_win.cc(43)] FindFirstFile: The system cannot find the path specified. (0x3)
[1017/182058.095:ERROR:directory_reader_win.cc(43)] FindFirstFile: The system cannot find the path specified. (0x3)
[1023/113515.163:ERROR:filesystem_win.cc(129)] GetFileAttributes C:\Users\Shynn\AppData\Local\Microsoft\Edge\User Data\Crashpad\attachments\36bb57e0-86d4-40a5-b81a-14c2eb16b6fe: The system cannot find the path specified. (0x3)
[1023/113515.167:ERROR:filesystem_win.cc(129)] GetFileAttributes C:\Users\Shynn\AppData\Local\Microsoft\Edge\User Data\Crashpad\attachments\f76af7bd-5f38-4f45-add5-fb7084c63a5c: The system cannot find the path specified. (0x3)
[1023/113515.168:ERROR:directory_reader_win.cc(43)] FindFirstFile: The system cannot find the path specified. (0x3)
[1130/152621.602:ERROR:directory_reader_win.cc(43)] FindFirstFile: The system cannot find the path specified. (0x3)
[1130/162832.228:ERROR:directory_reader_win.cc(43)] FindFirstFile: The system cannot find the path specified. (0x3)
[1202/100159.160:ERROR:directory_reader_win.cc(43)] FindFirstFile: The system cannot find the path specified. (0x3)
[1227/083516.487:ERROR:directory_reader_win.cc(43)] FindFirstFile: The system cannot find the path specified. (0x3)
[1229/164706.442:ERROR:directory_reader_win.cc(43)] FindFirstFile: The system cannot find the path specified. (0x3)
[1230/030506.409:ERROR:process_info.cc(329)] VirtualQueryEx: Access is denied. (0x5)
[1230/030506.417:ERROR:process_info.cc(556)] ReadMemoryInfo failed
[1230/030506.417:ERROR:process_memory_win.cc(39)] Failed to initialize ProcessInfo.
[1230/030506.410:ERROR:process_reader_win.cc(123)] NtOpenThread: {Access Denied} A process has requested access to an object, but has not been granted those access rights. (0xc0000022)
[1230/030506.420:ERROR:exception_snapshot_win.cc(99)] thread ID 5136 not found in process
[1230/030506.417:ERROR:scoped_process_suspend.cc(40)] NtResumeProcess: An attempt was made to access an exiting process. (0xc000010a)
[1230/030506.422:ERROR:process_reader_win.cc(123)] NtOpenThread: {Access Denied} A process has requested access to an object, but has not been granted those access rights. (0xc0000022)
[1230/030506.422:ERROR:exception_snapshot_win.cc(99)] thread ID 9920 not found in process
[1230/090241.093:ERROR:directory_reader_win.cc(43)] FindFirstFile: The system cannot find the path specified. (0x3)
[1230/092757.536:ERROR:directory_reader_win.cc(43)] FindFirstFile: The system cannot find the path specified. (0x3)
[1230/114956.447:ERROR:process_reader_win.cc(123)] NtOpenThread: {Access Denied} A process has requested access to an object, but has not been granted those access rights. (0xc0000022)
[1230/114956.453:ERROR:exception_snapshot_win.cc(99)] thread ID 13156 not found in process
[1230/114956.455:ERROR:process_reader_win.cc(123)] NtOpenThread: {Access Denied} A process has requested access to an object, but has not been granted those access rights. (0xc0000022)
[1230/114956.455:ERROR:exception_snapshot_win.cc(99)] thread ID 13196 not found in process
[1230/114956.464:ERROR:process_reader_win.cc(123)] NtOpenThread: {Access Denied} A process has requested access to an object, but has not been granted those access rights. (0xc0000022)
[1230/114956.464:ERROR:exception_snapshot_win.cc(99)] thread ID 11136 not found in process
[1230/114956.486:ERROR:process_reader_win.cc(123)] NtOpenThread: {Access Denied} A process has requested access to an object, but has not been granted those access rights. (0xc0000022)
[1230/114956.486:ERROR:exception_snapshot_win.cc(99)] thread ID 5840 not found in process
[1231/135711.112:ERROR:directory_reader_win.cc(43)] FindFirstFile: The system cannot find the path specified. (0x3)
[1231/163951.653:ERROR:process_reader_win.cc(151)] SuspendThread: Access is denied. (0x5)
[1231/163951.653:ERROR:process_reader_win.cc(151)] SuspendThread: Access is denied. (0x5)
[1231/163951.653:ERROR:process_reader_win.cc(151)] SuspendThread: Access is denied. (0x5)
[1231/163953.278:ERROR:process_reader_win.cc(151)] SuspendThread: Access is denied. (0x5)
[1231/163951.696:ERROR:process_reader_win.cc(151)] SuspendThread: Access is denied. (0x5)
[1231/163953.278:ERROR:process_reader_win.cc(151)] SuspendThread: Access is denied. (0x5)
[1231/163951.808:ERROR:process_info.cc(329)] VirtualQueryEx: Access is denied. (0x5)
[1231/163951.695:ERROR:process_reader_win.cc(151)] SuspendThread: Access is denied. (0x5)
[1231/163953.278:ERROR:process_reader_win.cc(151)] SuspendThread: Access is denied. (0x5)
[1231/163953.278:ERROR:process_info.cc(556)] ReadMemoryInfo failed
[1231/163953.278:ERROR:process_reader_win.cc(151)] SuspendThread: Access is denied. (0x5)
[1231/163953.278:ERROR:process_reader_win.cc(151)] SuspendThread: Access is denied. (0x5)
[1231/163953.278:ERROR:process_reader_win.cc(151)] SuspendThread: Access is denied. (0x5)
[1231/163953.278:ERROR:process_reader_win.cc(151)] SuspendThread: Access is denied. (0x5)
[1231/163953.278:ERROR:process_reader_win.cc(151)] SuspendThread: Access is denied. (0x5)
[1231/163953.278:ERROR:process_reader_win.cc(151)] SuspendThread: Access is denied. (0x5)
[1231/163953.278:ERROR:process_reader_win.cc(151)] SuspendThread: Access is denied. (0x5)
[1231/163953.278:ERROR:process_reader_win.cc(151)] SuspendThread: Access is denied. (0x5)
[1231/163953.278:ERROR:process_reader_win.cc(151)] SuspendThread: Access is denied. (0x5)
[1231/163953.278:ERROR:process_reader_win.cc(151)] SuspendThread: Access is denied. (0x5)
[1231/163953.278:ERROR:process_reader_win.cc(151)] SuspendThread: Access is denied. (0x5)
[1231/163953.278:ERROR:process_reader_win.cc(151)] SuspendThread: Access is denied. (0x5)
[1231/163953.278:ERROR:process_reader_win.cc(151)] SuspendThread: Access is denied. (0x5)
[1231/163953.278:ERROR:process_reader_win.cc(151)] SuspendThread: Access is denied. (0x5)
[1231/163953.278:ERROR:process_reader_win.cc(151)] SuspendThread: Access is denied. (0x5)
[1231/163953.278:ERROR:process_reader_win.cc(151)] SuspendThread: Access is denied. (0x5)
[1231/163953.278:ERROR:process_reader_win.cc(151)] SuspendThread: Access is denied. (0x5)
[1231/163953.278:ERROR:process_reader_win.cc(151)] SuspendThread: Access is denied. (0x5)
[1231/163953.278:ERROR:process_reader_win.cc(151)] SuspendThread: Access is denied. (0x5)
[1231/163953.279:ERROR:process_reader_win.cc(151)] SuspendThread: Access is denied. (0x5)
[1231/163953.279:ERROR:process_reader_win.cc(151)] SuspendThread: Access is denied. (0x5)
[1231/163953.279:ERROR:process_reader_win.cc(151)] SuspendThread: Access is denied. (0x5)
[1231/163953.279:ERROR:process_reader_win.cc(151)] SuspendThread: Access is denied. (0x5)
[1231/163953.279:ERROR:process_reader_win.cc(151)] SuspendThread: Access is denied. (0x5)
[1231/163953.279:ERROR:process_reader_win.cc(151)] SuspendThread: Access is denied. (0x5)
[1231/163953.279:ERROR:process_reader_win.cc(151)] SuspendThread: Access is denied. (0x5)
[1231/163953.279:ERROR:process_reader_win.cc(151)] SuspendThread: Access is denied. (0x5)
[1231/163953.279:ERROR:process_reader_win.cc(151)] SuspendThread: Access is denied. (0x5)
[1231/163951.719:ERROR:process_reader_win.cc(123)] NtOpenThread: {Access Denied} A process has requested access to an object, but has not been granted those access rights. (0xc0000022)
[1231/163953.279:ERROR:process_reader_win.cc(123)] NtOpenThread: {Access Denied} A process has requested access to an object, but has not been granted those access rights. (0xc0000022)
[1231/163953.283:ERROR:exception_snapshot_win.cc(99)] thread ID 10360 not found in process
[1231/163953.279:ERROR:process_reader_win.cc(123)] NtOpenThread: {Access Denied} A process has requested access to an object, but has not been granted those access rights. (0xc0000022)
[1231/163953.284:ERROR:exception_snapshot_win.cc(99)] thread ID 9416 not found in process
[1231/163953.284:ERROR:exception_snapshot_win.cc(99)] thread ID 10684 not found in process
[1231/163953.278:ERROR:scoped_process_suspend.cc(40)] NtResumeProcess: An attempt was made to access an exiting process. (0xc000010a)
[1231/163953.279:ERROR:process_reader_win.cc(123)] NtOpenThread: {Access Denied} A process has requested access to an object, but has not been granted those access rights. (0xc0000022)
[1231/163953.284:ERROR:scoped_process_suspend.cc(40)] NtResumeProcess: An attempt was made to access an exiting process. (0xc000010a)
[1231/163953.284:ERROR:exception_snapshot_win.cc(99)] thread ID 11692 not found in process
[0101/090819.558:ERROR:directory_reader_win.cc(43)] FindFirstFile: The system cannot find the path specified. (0x3)
[0101/233252.834:ERROR:directory_reader_win.cc(43)] FindFirstFile: The system cannot find the path specified. (0x3)
[0102/105700.358:ERROR:directory_reader_win.cc(43)] FindFirstFile: The system cannot find the path specified. (0x3)
[0102/175634.251:ERROR:filesystem_win.cc(129)] GetFileAttributes C:\Users\NnyhS\AppData\Local\Google\Chrome\User Data\Crashpad\attachments\1d835f54-ad68-43d7-a82a-ca667fe2cb0f: The system cannot find the path specified. (0x3)
